<?xml version="1.0" encoding="UTF-8"?>
<!-- Generated by org.testng.reporters.JUnitReportReporter -->
<testsuite hostname="DESKTOP-JA562JV" name="com.omar.selenium.tutoriales.SeleniumTest" tests="1" failures="0" timestamp="28 Mar 2018 14:54:28 GMT" time="13.172" errors="0">
  <testcase name="getTitleAutentiaTest" time="13.172" classname="com.omar.selenium.tutoriales.SeleniumTest"/>
</testsuite> <!-- com.omar.selenium.tutoriales.SeleniumTest -->
